0 info it worked if it ends with ok
1 verbose cli [ '/usr/bin/node', '/usr/bin/npm', 'run', 'docs:build' ]
2 info using npm@3.5.2
3 info using node@v8.10.0
4 verbose run-script [ 'predocs:build', 'docs:build', 'postdocs:build' ]
5 info lifecycle kerma-view@1.0.0~predocs:build: kerma-view@1.0.0
6 silly lifecycle kerma-view@1.0.0~predocs:build: no script for predocs:build, continuing
7 info lifecycle kerma-view@1.0.0~docs:build: kerma-view@1.0.0
8 verbose lifecycle kerma-view@1.0.0~docs:build: unsafe-perm in lifecycle true
9 verbose lifecycle kerma-view@1.0.0~docs:build: PATH: /usr/share/npm/bin/node-gyp-bin:/mnt/c/Users/gkarlos/kerma-view/node_modules/.bin:/usr/local/sbin:/usr/local/bin:/usr/sbin:/usr/bin:/sbin:/bin:/usr/games:/usr/local/games:/mnt/c/Python38/Scripts/:/mnt/c/Python38/:/mnt/c/Program Files/Haskell/bin:/mnt/c/Program Files/Haskell Platform/8.6.5/lib/extralibs/bin:/mnt/c/Program Files/Haskell Platform/8.6.5/bin:/mnt/c/Program Files (x86)/Common Files/Oracle/Java/javapath:/mnt/c/Windows/system32:/mnt/c/Windows:/mnt/c/Windows/System32/Wbem:/mnt/c/Windows/System32/WindowsPowerShell/v1.0/:/mnt/c/Windows/System32/OpenSSH/:/mnt/c/Program Files/NVIDIA Corporation/NVIDIA NvDLISR:/mnt/c/Program Files/Git/cmd:/mnt/c/Program Files (x86)/NVIDIA Corporation/PhysX/Common:/mnt/c/WINDOWS/system32:/mnt/c/WINDOWS:/mnt/c/WINDOWS/System32/Wbem:/mnt/c/WINDOWS/System32/WindowsPowerShell/v1.0/:/mnt/c/WINDOWS/System32/OpenSSH/:/mnt/c/Program Files/Haskell Platform/8.6.5/mingw/bin:/mnt/c/Program Files/LLVM/bin:/mnt/c/Program Files/nodejs/:/mnt/c/ProgramData/chocolatey/bin:/mnt/c/Users/gkarlos/AppData/Roaming/cabal/bin:/mnt/c/Users/gkarlos/AppData/Local/Microsoft/WindowsApps:/mnt/c/Program Files/JetBrains/PyCharm Community Edition 2018.3.1/bin:/mnt/c/Python27:/mnt/c/Python27/Scripts:/mnt/c/Program Files (x86)/Vim/vim81:/mnt/c/Users/gkarlos/AppData/Local/Programs/Microsoft VS Code/bin:/mnt/c/Program Files/JetBrains/IntelliJ IDEA Community Edition 2019.3.3/bin:/mnt/c/Users/gkarlos/AppData/Roaming/npm:/snap/bin
10 verbose lifecycle kerma-view@1.0.0~docs:build: CWD: /mnt/c/Users/gkarlos/kerma-view
11 silly lifecycle kerma-view@1.0.0~docs:build: Args: [ '-c', 'KERMA_VIEW_ROOT=$(pwd) ./scripts/build-the-docs.sh' ]
12 silly lifecycle kerma-view@1.0.0~docs:build: Returned: code: 2  signal: null
13 info lifecycle kerma-view@1.0.0~docs:build: Failed to exec docs:build script
14 verbose stack Error: kerma-view@1.0.0 docs:build: `KERMA_VIEW_ROOT=$(pwd) ./scripts/build-the-docs.sh`
14 verbose stack Exit status 2
14 verbose stack     at EventEmitter.<anonymous> (/usr/share/npm/lib/utils/lifecycle.js:232:16)
14 verbose stack     at emitTwo (events.js:126:13)
14 verbose stack     at EventEmitter.emit (events.js:214:7)
14 verbose stack     at ChildProcess.<anonymous> (/usr/share/npm/lib/utils/spawn.js:24:14)
14 verbose stack     at emitTwo (events.js:126:13)
14 verbose stack     at ChildProcess.emit (events.js:214:7)
14 verbose stack     at maybeClose (internal/child_process.js:925:16)
14 verbose stack     at Process.ChildProcess._handle.onexit (internal/child_process.js:209:5)
15 verbose pkgid kerma-view@1.0.0
16 verbose cwd /mnt/c/Users/gkarlos/kerma-view
17 error Linux 4.4.0-18362-Microsoft
18 error argv "/usr/bin/node" "/usr/bin/npm" "run" "docs:build"
19 error node v8.10.0
20 error npm  v3.5.2
21 error code ELIFECYCLE
22 error kerma-view@1.0.0 docs:build: `KERMA_VIEW_ROOT=$(pwd) ./scripts/build-the-docs.sh`
22 error Exit status 2
23 error Failed at the kerma-view@1.0.0 docs:build script 'KERMA_VIEW_ROOT=$(pwd) ./scripts/build-the-docs.sh'.
23 error Make sure you have the latest version of node.js and npm installed.
23 error If you do, this is most likely a problem with the kerma-view package,
23 error not with npm itself.
23 error Tell the author that this fails on your system:
23 error     KERMA_VIEW_ROOT=$(pwd) ./scripts/build-the-docs.sh
23 error You can get information on how to open an issue for this project with:
23 error     npm bugs kerma-view
23 error Or if that isn't available, you can get their info via:
23 error     npm owner ls kerma-view
23 error There is likely additional logging output above.
24 verbose exit [ 1, true ]
